<?xml version="1.0" encoding="UTF-8"?>
<!-- Generated by org.testng.reporters.JUnitReportReporter -->
<testsuite hostname="DESKTOP-TGC08I4" failures="0" tests="1" name="Testrunner.TestRunner" time="11.637" errors="0" timestamp="2024-03-08T09:46:34 IST" skipped="0">
  <testcase classname="Testrunner.TestRunner" name="runScenario" time="11.637"/>
</testsuite> <!-- Testrunner.TestRunner -->
